Deploy complete @ Tue Apr 10 2018 17:11:06 GMT-0700 (PDT). added/changed 1 file(s): snippets/product-grid-item.liquid.
Deploy complete @ Tue Apr 10 2018 17:11:08 GMT-0700 (PDT). added/changed 1 file(s): assets/theme.scss.liquid.
Deploy complete @ Tue Apr 10 2018 17:14:57 GMT-0700 (PDT). added/changed 1 file(s): assets/theme.scss.liquid.
Deploy complete @ Tue Apr 10 2018 17:16:28 GMT-0700 (PDT). added/changed 1 file(s): assets/theme.scss.liquid.
Deploy complete @ Tue Apr 10 2018 17:16:57 GMT-0700 (PDT). added/changed 1 file(s): assets/theme.scss.liquid.
Deploy complete @ Tue Apr 10 2018 17:17:13 GMT-0700 (PDT). added/changed 1 file(s): assets/theme.scss.liquid.
Deploy complete @ Tue Apr 10 2018 17:18:35 GMT-0700 (PDT). added/changed 1 file(s): snippets/product-grid-item-mod.liquid.
Deploy complete @ Tue Apr 10 2018 17:19:24 GMT-0700 (PDT). added/changed 1 file(s): sections/featured-collection.liquid.
Deploy complete @ Tue Apr 10 2018 17:19:33 GMT-0700 (PDT). added/changed 1 file(s): snippets/product-grid-item-mod.liquid.
Deploy complete @ Tue Apr 10 2018 17:20:16 GMT-0700 (PDT). added/changed 1 file(s): snippets/product-grid-item-mod.liquid.
Deploy complete @ Tue Apr 10 2018 17:20:29 GMT-0700 (PDT). added/changed 1 file(s): sections/featured-collection.liquid.
Deploy complete @ Tue Apr 10 2018 17:20:36 GMT-0700 (PDT). added/changed 1 file(s): sections/featured-collection.liquid.
Deploy complete @ Tue Apr 10 2018 17:20:40 GMT-0700 (PDT). added/changed 1 file(s): sections/featured-collection.liquid.
Deploy complete @ Tue Apr 10 2018 17:20:59 GMT-0700 (PDT). added/changed 1 file(s): snippets/product-grid-item-mod.liquid.
Deploy complete @ Tue Apr 10 2018 17:22:05 GMT-0700 (PDT). added/changed 1 file(s): snippets/product-grid-item-mod.liquid.
Deploy complete @ Tue Apr 10 2018 17:23:02 GMT-0700 (PDT). added/changed 1 file(s): assets/theme.scss.liquid.
Deploy complete @ Tue Apr 10 2018 17:24:07 GMT-0700 (PDT). added/changed 1 file(s): assets/theme.scss.liquid.
Deploy complete @ Tue Apr 10 2018 17:24:58 GMT-0700 (PDT). added/changed 1 file(s): assets/theme.scss.liquid.
Deploy complete @ Tue Apr 10 2018 17:26:03 GMT-0700 (PDT). added/changed 1 file(s): assets/theme.scss.liquid.
Deploy complete @ Tue Apr 10 2018 17:27:23 GMT-0700 (PDT). added/changed 1 file(s): assets/theme.scss.liquid.
Deploy complete @ Tue Apr 10 2018 17:28:33 GMT-0700 (PDT). added/changed 1 file(s): assets/theme.scss.liquid.
Deploy complete @ Tue Apr 10 2018 17:29:13 GMT-0700 (PDT). added/changed 1 file(s): assets/theme.scss.liquid.
Deploy complete @ Tue Apr 10 2018 17:29:49 GMT-0700 (PDT). added/changed 1 file(s): assets/theme.scss.liquid.
Deploy complete @ Tue Apr 10 2018 17:30:32 GMT-0700 (PDT). added/changed 1 file(s): assets/theme.scss.liquid.
Deploy complete @ Tue Apr 10 2018 17:30:59 GMT-0700 (PDT). added/changed 1 file(s): assets/theme.scss.liquid.
Deploy complete @ Tue Apr 10 2018 17:31:34 GMT-0700 (PDT). added/changed 1 file(s): assets/theme.scss.liquid.
Deploy complete @ Tue Apr 10 2018 17:39:26 GMT-0700 (PDT). added/changed 1 file(s): layout/theme.liquid.
Deploy complete @ Tue Apr 10 2018 17:40:18 GMT-0700 (PDT). added/changed 1 file(s): assets/theme.scss.liquid.
Deploy complete @ Tue Apr 10 2018 17:41:07 GMT-0700 (PDT). added/changed 1 file(s): assets/theme.scss.liquid.
Deploy complete @ Tue Apr 10 2018 17:41:15 GMT-0700 (PDT). added/changed 1 file(s): assets/theme.scss.liquid.
Deploy complete @ Tue Apr 10 2018 17:41:49 GMT-0700 (PDT). added/changed 1 file(s): assets/theme.scss.liquid.
Deploy complete @ Tue Apr 10 2018 17:41:55 GMT-0700 (PDT). added/changed 1 file(s): assets/theme.scss.liquid.
Deploy complete @ Tue Apr 10 2018 17:45:53 GMT-0700 (PDT). added/changed 1 file(s): assets/theme.scss.liquid.
Deploy complete @ Tue Apr 10 2018 17:47:55 GMT-0700 (PDT). added/changed 1 file(s): assets/theme.scss.liquid.
Deploy complete @ Tue Apr 10 2018 17:50:36 GMT-0700 (PDT). added/changed 1 file(s): assets/theme.scss.liquid.
Deploy complete @ Tue Apr 10 2018 17:55:50 GMT-0700 (PDT). added/changed 1 file(s): assets/theme.scss.liquid.
Deploy complete @ Tue Apr 10 2018 17:58:29 GMT-0700 (PDT). added/changed 1 file(s): assets/theme.scss.liquid.
Deploy complete @ Tue Apr 10 2018 17:58:58 GMT-0700 (PDT). added/changed 1 file(s): assets/theme.scss.liquid.
Deploy complete @ Tue Apr 10 2018 17:59:45 GMT-0700 (PDT). added/changed 1 file(s): assets/theme.scss.liquid.
Deploy complete @ Tue Apr 10 2018 18:01:15 GMT-0700 (PDT). added/changed 1 file(s): sections/header.liquid.
Deploy complete @ Tue Apr 10 2018 18:01:28 GMT-0700 (PDT). added/changed 1 file(s): assets/theme.scss.liquid.
Deploy complete @ Tue Apr 10 2018 18:01:38 GMT-0700 (PDT). added/changed 1 file(s): assets/theme.scss.liquid.
Deploy complete @ Tue Apr 10 2018 18:03:13 GMT-0700 (PDT). added/changed 1 file(s): sections/header.liquid.
Deploy complete @ Tue Apr 10 2018 18:04:02 GMT-0700 (PDT). added/changed 1 file(s): assets/theme.scss.liquid.
Deploy complete @ Tue Apr 10 2018 18:09:16 GMT-0700 (PDT). added/changed 1 file(s): assets/theme.scss.liquid.
Deploy complete @ Tue Apr 10 2018 18:12:41 GMT-0700 (PDT). added/changed 1 file(s): assets/theme.scss.liquid.
Deploy complete @ Tue Apr 10 2018 18:13:04 GMT-0700 (PDT). added/changed 1 file(s): assets/theme.scss.liquid.
Deploy complete @ Tue Apr 10 2018 18:13:14 GMT-0700 (PDT). added/changed 1 file(s): assets/theme.scss.liquid.
Deploy complete @ Tue Apr 10 2018 18:13:36 GMT-0700 (PDT). added/changed 1 file(s): assets/theme.scss.liquid.
Deploy complete @ Tue Apr 10 2018 18:13:48 GMT-0700 (PDT). added/changed 1 file(s): assets/theme.scss.liquid.
Deploy complete @ Tue Apr 10 2018 18:14:15 GMT-0700 (PDT). added/changed 1 file(s): assets/theme.scss.liquid.
Deploy complete @ Tue Apr 10 2018 18:14:59 GMT-0700 (PDT). added/changed 1 file(s): assets/theme.scss.liquid.
